id: 0_0A
p_cfg: 94 0 1 0 0 100
r_cfg: 4.1 0 0 0 0 100
i_cfg: 67 0 0 0 0 100
p_tgt: 164.00 127.00 133.00 125.00 117.00 139.00 107.00 99.00 108.00 111.00
p_act: 164.01 126.27 132.81 124.97 117.18 139.22 107.01 98.83 107.98 110.76
r_tgt: 4.10 4.10 4.10 4.10 4.10 4.10 4.10 4.10 4.10 4.10
r_act: 3.77 3.99 4.39 4.11 3.93 3.12 3.75 4.24 4.11 4.42
i_tgt: 67.00 67.00 67.00 67.00 67.00 67.00 67.00 67.00 67.00 67.00
i_act: 67.06 67.11 67.10 67.02 67.12 67.12 67.00 67.04 67.04 67.06

id: 0_0B
p_cfg: 94 0 1 0 0 100
r_cfg: 4.1 0 0 0 0 100
i_cfg: 67 0 0 0 0 100
p_tgt: 142.50 103.80 164.90 149.60 110.70 132.20 105.60 109.60 128.00 127.00 133.00 123.00
p_act: 142.69 103.87 165.01 149.61 110.73 132.20 105.27 110.04 128.16 127.07 132.93 123.54
r_tgt: 4.10 4.10 4.10 4.10 4.10 4.10 4.10 4.10 4.10 4.10 4.10 4.10
r_act: 3.49 3.70 3.73 3.90 3.56 3.60 4.17 4.20 3.72 4.15 4.09 3.65
i_tgt: 67.00 67.00 67.00 67.00 67.00 67.00 67.00 67.00 67.00 67.00 67.00 67.00
i_act: 67.09 67.06 67.12 67.04 67.03 67.07 67.02 67.08 67.04 67.09 67.02 67.09

id: 0_1A
p_cfg: 94 0 0.6 0 0 100
r_cfg: 4.1 0 0 0 0 100
i_cfg: 67 0 0 0 0 100
p_tgt: 136.00 113.80 117.40 112.60 107.80 121.00 101.80 97.00 102.40 104.20
p_act: 135.96 114.46 117.53 112.57 107.88 120.98 101.89 96.79 102.48 104.59
r_tgt: 4.10 4.10 4.10 4.10 4.10 4.10 4.10 4.10 4.10 4.10
r_act: 3.77 3.99 4.39 4.10 3.93 3.12 3.75 4.24 4.11 4.42
i_tgt: 67.00 67.00 67.00 67.00 67.00 67.00 67.00 67.00 67.00 67.00
i_act: 67.06 67.11 67.10 67.03 67.12 67.12 67.01 67.04 67.04 67.06

id: 0_1B
p_cfg: 94 0 0.6 0 0 100
r_cfg: 4.1 0 0 0 0 100
i_cfg: 67 0 0 0 0 100
p_tgt: 123.10 99.88 136.54 127.36 104.02 116.92 100.96 103.36 114.40 113.80 117.40 111.40
p_act: 123.13 99.90 136.85 127.35 104.09 117.38 101.11 103.38 115.03 113.80 117.49 111.39
r_tgt: 4.10 4.10 4.10 4.10 4.10 4.10 4.10 4.10 4.10 4.10 4.10 4.10
r_act: 3.49 3.70 3.73 3.89 3.56 3.60 4.18 4.20 3.69 4.15 4.09 3.67
i_tgt: 67.00 67.00 67.00 67.00 67.00 67.00 67.00 67.00 67.00 67.00 67.00 67.00
i_act: 67.11 67.06 67.12 67.04 67.03 67.07 67.02 67.08 67.07 67.13 67.02 67.09

id: 0_2A
p_cfg: 94 0 0.2 0 0 100
r_cfg: 4.1 0 0 0 0 100
i_cfg: 67 0 0 0 0 100
p_tgt: 108.00 100.60 101.80 100.20 98.60 103.00 96.60 95.00 96.80 97.40
p_act: 108.04 100.32 101.81 99.94 98.52 102.88 96.63 94.43 96.89 97.42
r_tgt: 4.10 4.10 4.10 4.10 4.10 4.10 4.10 4.10 4.10 4.10
r_act: 3.77 3.99 4.39 4.10 3.93 3.12 3.73 4.24 4.11 4.42
i_tgt: 67.00 67.00 67.00 67.00 67.00 67.00 67.00 67.00 67.00 67.00
i_act: 67.06 67.11 67.11 67.03 67.13 67.12 67.01 67.04 67.04 67.07

id: 0_2B
p_cfg: 94 0 0.2 0 0 100
r_cfg: 4.1 0 0 0 0 100
i_cfg: 67 0 0 0 0 100
p_tgt: 103.70 95.96 108.18 105.12 97.34 101.64 96.32 97.12 100.80 100.60 101.80 99.80
p_act: 103.61 95.48 108.20 105.10 96.68 101.60 96.57 97.51 101.01 100.81 101.75 99.75
r_tgt: 4.10 4.10 4.10 4.10 4.10 4.10 4.10 4.10 4.10 4.10 4.10 4.10
r_act: 3.49 3.70 3.73 3.89 3.56 3.60 4.18 4.20 3.69 4.15 4.09 3.67
i_tgt: 67.00 67.00 67.00 67.00 67.00 67.00 67.00 67.00 67.00 67.00 67.00 67.00
i_act: 67.12 67.06 67.12 67.05 67.04 67.08 67.03 67.08 67.08 67.14 67.03 67.09

id: 1_0A
p_cfg: 94 0 0 0 0 100
r_cfg: 4.1 0 1 0 0 100
i_cfg: 67 0 0 0 0 100
p_tgt: 94.00 94.00 94.00 94.00 94.00 94.00 94.00 94.00 94.00 94.00
p_act: 93.02 93.98 93.65 94.02 93.84 93.79 93.82 94.34 93.88 94.62
r_tgt: 8.60 5.45 4.50 4.59 7.10 4.69 4.33 6.38 5.73 6.92
r_act: 8.74 5.54 4.52 4.65 6.58 4.71 4.29 6.49 5.81 6.87
i_tgt: 67.00 67.00 67.00 67.00 67.00 67.00 67.00 67.00 67.00 67.00
i_act: 67.08 67.15 67.09 67.03 67.18 67.17 66.97 67.02 66.95 67.06

id: 1_0B
p_cfg: 94 0 0 0 0 100
r_cfg: 4.1 0 1 0 0 100
i_cfg: 67 0 0 0 0 100
p_tgt: 94.00 94.00 94.00 94.00 94.00 94.00 94.00 94.00 94.00 94.00 94.00 94.00
p_act: 96.38 93.07 93.43 94.56 93.90 94.01 94.11 94.60 93.51 93.73 94.12 94.47
r_tgt: 6.18 7.43 4.24 6.40 4.84 6.01 5.88 6.92 6.90 5.78 5.80 4.60
r_act: 6.23 7.96 4.25 6.37 4.90 5.98 6.02 7.04 6.25 5.49 5.65 4.59
i_tgt: 67.00 67.00 67.00 67.00 67.00 67.00 67.00 67.00 67.00 67.00 67.00 67.00
i_act: 66.71 67.02 67.13 67.04 67.00 67.07 67.02 67.01 66.71 66.89 67.05 67.10

id: 1_1A
p_cfg: 94 0 0 0 0 100
r_cfg: 4.1 0 0.6 0 0 100
i_cfg: 67 0 0 0 0 100
p_tgt: 94.00 94.00 94.00 94.00 94.00 94.00 94.00 94.00 94.00 94.00
p_act: 93.98 94.38 93.85 93.74 94.19 94.73 93.90 94.01 93.47 93.93
r_tgt: 6.80 4.91 4.34 4.40 5.90 4.46 4.24 5.47 5.08 5.79
r_act: 6.77 4.90 4.48 4.42 5.51 4.43 4.24 5.47 5.06 5.68
i_tgt: 67.00 67.00 67.00 67.00 67.00 67.00 67.00 67.00 67.00 67.00
i_act: 67.08 67.13 67.10 67.03 67.16 67.16 66.97 67.04 67.03 67.06

id: 1_1B
p_cfg: 94 0 0 0 0 100
r_cfg: 4.1 0 0.6 0 0 100
i_cfg: 67 0 0 0 0 100
p_tgt: 94.00 94.00 94.00 94.00 94.00 94.00 94.00 94.00 94.00 94.00 94.00 94.00
p_act: 93.91 94.33 93.43 93.60 94.13 93.63 93.57 94.90 93.56 93.96 94.37 94.43
r_tgt: 5.35 6.10 4.18 5.48 4.54 5.25 5.17 5.79 5.78 5.11 5.12 4.40
r_act: 5.32 5.95 4.25 5.49 4.51 4.99 5.18 6.02 5.90 5.11 5.13 4.49
i_tgt: 67.00 67.00 67.00 67.00 67.00 67.00 67.00 67.00 67.00 67.00 67.00 67.00
i_act: 66.91 67.06 67.13 67.05 67.04 67.09 67.02 67.06 66.72 67.07 67.04 67.09

id: 1_2A
p_cfg: 94 0 0 0 0 100
r_cfg: 4.1 0 0.2 0 0 100
i_cfg: 67 0 0 0 0 100
p_tgt: 94.00 94.00 94.00 94.00 94.00 94.00 94.00 94.00 94.00 94.00
p_act: 94.03 93.86 93.85 94.13 93.92 93.95 94.11 94.18 93.91 93.82
r_tgt: 5.00 4.37 4.18 4.20 4.70 4.22 4.15 4.56 4.43 4.66
r_act: 4.78 4.33 4.48 4.21 4.76 4.36 3.75 4.53 4.46 4.61
i_tgt: 67.00 67.00 67.00 67.00 67.00 67.00 67.00 67.00 67.00 67.00
i_act: 67.07 67.11 67.10 67.03 67.15 67.17 67.01 67.04 67.04 67.06

id: 1_2B
p_cfg: 94 0 0 0 0 100
r_cfg: 4.1 0 0.2 0 0 100
i_cfg: 67 0 0 0 0 100
p_tgt: 94.00 94.00 94.00 94.00 94.00 94.00 94.00 94.00 94.00 94.00 94.00 94.00
p_act: 94.01 94.59 93.42 94.02 93.54 92.76 93.60 94.14 93.42 95.01 96.95 94.33
r_tgt: 4.52 4.77 4.13 4.56 4.25 4.48 4.46 4.66 4.66 4.44 4.44 4.20
r_act: 4.25 4.64 3.73 4.46 4.33 4.48 4.40 4.63 4.23 4.35 4.37 4.20
i_tgt: 67.00 67.00 67.00 67.00 67.00 67.00 67.00 67.00 67.00 67.00 67.00 67.00
i_act: 67.04 67.06 67.12 67.05 67.04 67.08 67.03 67.08 67.05 67.13 67.03 67.10

id: 2_0A
p_cfg: 94 0 0 0 0 100
r_cfg: 4.1 0 0 0 0 100
i_cfg: 67 0 1 0 0 100
p_tgt: 94.00 94.00 94.00 94.00 94.00 94.00 94.00 94.00 94.00 94.00
p_act: 94.22 94.62 93.91 93.98 93.91 94.14 94.11 93.52 93.96 93.96
r_tgt: 4.10 4.10 4.10 4.10 4.10 4.10 4.10 4.10 4.10 4.10
r_act: 3.77 3.99 4.39 4.10 3.93 3.12 3.75 4.24 4.11 4.42
i_tgt: 64.00 65.20 63.10 66.40 59.00 62.80 65.10 66.00 62.60 55.80
i_act: 64.06 65.31 63.21 66.43 59.13 62.92 65.11 66.04 62.64 55.87

id: 2_0B
p_cfg: 94 0 0 0 0 100
r_cfg: 4.1 0 0 0 0 100
i_cfg: 67 0 1 0 0 100
p_tgt: 94.00 94.00 94.00 94.00 94.00 94.00 94.00 94.00 94.00 94.00 94.00 94.00
p_act: 93.99 93.80 93.42 94.12 94.30 94.05 94.57 93.55 93.20 94.01 94.12 93.79
r_tgt: 4.10 4.10 4.10 4.10 4.10 4.10 4.10 4.10 4.10 4.10 4.10 4.10
r_act: 3.49 3.70 3.73 3.90 3.56 3.60 4.17 4.20 3.72 4.20 4.09 3.67
i_tgt: 67.40 59.40 70.19 60.20 60.60 64.60 62.90 59.70 61.50 64.40 63.50 63.30
i_act: 67.51 59.46 70.31 60.25 60.63 64.68 62.92 59.78 61.57 64.53 63.53 63.40

id: 2_1A
p_cfg: 94 0 0 0 0 100
r_cfg: 4.1 0 0 0 0 100
i_cfg: 67 0 0.6 0 0 100
p_tgt: 94.00 94.00 94.00 94.00 94.00 94.00 94.00 94.00 94.00 94.00
p_act: 94.22 94.62 93.91 93.98 93.91 94.14 94.11 93.52 93.96 93.97
r_tgt: 4.10 4.10 4.10 4.10 4.10 4.10 4.10 4.10 4.10 4.10
r_act: 3.77 3.99 4.39 4.10 3.93 3.12 3.75 4.24 4.11 4.42
i_tgt: 65.20 65.92 64.66 66.64 62.20 64.48 65.86 66.40 64.36 60.28
i_act: 65.26 66.03 64.77 66.67 62.33 64.60 65.87 66.44 64.40 60.35

id: 2_1B
p_cfg: 94 0 0 0 0 100
r_cfg: 4.1 0 0 0 0 100
i_cfg: 67 0 0.6 0 0 100
p_tgt: 94.00 94.00 94.00 94.00 94.00 94.00 94.00 94.00 94.00 94.00 94.00 94.00
p_act: 93.99 93.80 93.42 94.12 94.30 94.05 94.57 93.55 93.20 94.01 94.12 93.79
r_tgt: 4.10 4.10 4.10 4.10 4.10 4.10 4.10 4.10 4.10 4.10 4.10 4.10
r_act: 3.49 3.70 3.73 3.90 3.56 3.60 4.17 4.20 3.72 4.20 4.09 3.67
i_tgt: 67.24 62.44 68.91 62.92 63.16 65.56 64.54 62.62 63.70 65.44 64.90 64.78
i_act: 67.35 62.50 69.03 62.97 63.19 65.64 64.56 62.70 63.77 65.57 64.93 64.88

id: 2_2A
p_cfg: 94 0 0 0 0 100
r_cfg: 4.1 0 0 0 0 100
i_cfg: 67 0 0.2 0 0 100
p_tgt: 94.00 94.00 94.00 94.00 94.00 94.00 94.00 94.00 94.00 94.00
p_act: 94.22 94.62 93.91 93.98 93.91 94.14 94.11 93.52 93.96 93.97
r_tgt: 4.10 4.10 4.10 4.10 4.10 4.10 4.10 4.10 4.10 4.10
r_act: 3.77 3.99 4.39 4.10 3.93 3.12 3.75 4.24 4.11 4.42
i_tgt: 66.40 66.64 66.22 66.88 65.40 66.16 66.62 66.80 66.12 64.76
i_act: 66.46 66.75 66.33 66.91 65.53 66.28 66.63 66.84 66.16 64.83

id: 2_2B
p_cfg: 94 0 0 0 0 100
r_cfg: 4.1 0 0 0 0 100
i_cfg: 67 0 0.2 0 0 100
p_tgt: 94.00 94.00 94.00 94.00 94.00 94.00 94.00 94.00 94.00 94.00 94.00 94.00
p_act: 93.99 93.80 93.42 94.12 94.30 94.05 94.57 93.55 93.20 94.01 94.12 93.79
r_tgt: 4.10 4.10 4.10 4.10 4.10 4.10 4.10 4.10 4.10 4.10 4.10 4.10
r_act: 3.49 3.70 3.73 3.90 3.56 3.60 4.17 4.20 3.72 4.20 4.09 3.67
i_tgt: 67.08 65.48 67.64 65.64 65.72 66.52 66.18 65.54 65.90 66.48 66.30 66.26
i_act: 67.19 65.54 67.76 65.69 65.75 66.60 66.20 65.62 65.97 66.61 66.33 66.36

id: 3_0A
p_cfg: 94 0.8 0 0 0 3
r_cfg: 4.1 0 0 0 0 100
i_cfg: 67 0 0 0 0 100
p_tgt: 150.00 131.71 132.71 139.62 141.08 141.34 141.25 141.19 141.28 141.61
p_act: 149.86 131.75 132.70 139.50 141.02 141.44 141.40 141.23 140.92 141.18
r_tgt: 4.10 4.10 4.10 4.10 4.10 4.10 4.10 4.10 4.10 4.10
r_act: 3.77 3.99 4.39 4.11 3.93 3.12 3.75 4.24 4.11 4.41
i_tgt: 67.00 67.00 67.00 67.00 67.00 67.00 67.00 67.00 67.00 67.00
i_act: 67.06 67.11 67.10 67.02 67.12 67.12 67.00 67.04 67.03 67.07

id: 3_0B
p_cfg: 94 0.8 0 0 0 3
r_cfg: 4.1 0 0 0 0 100
i_cfg: 67 0 0 0 0 100
p_tgt: 132.80 109.56 153.84 140.39 137.84 137.26 137.22 137.08 137.04 136.85 136.89 137.17
p_act: 132.85 109.55 153.88 140.26 137.79 137.11 137.24 137.12 137.30 137.03 136.71 136.64
r_tgt: 4.10 4.10 4.10 4.10 4.10 4.10 4.10 4.10 4.10 4.10 4.10 4.10
r_act: 3.49 3.70 3.73 3.90 3.56 3.60 4.17 4.20 3.72 4.15 4.09 3.67
i_tgt: 67.00 67.00 67.00 67.00 67.00 67.00 67.00 67.00 67.00 67.00 67.00 67.00
i_act: 67.10 67.06 67.12 67.04 67.02 67.07 67.01 67.08 67.03 67.07 67.02 67.09

id: 3_1A
p_cfg: 94 0.8 0 0 0 6
r_cfg: 4.1 0 0 0 0 100
i_cfg: 67 0 0 0 0 100
p_tgt: 150.00 131.71 132.71 126.55 119.06 134.75 134.23 134.26 134.45 134.38
p_act: 149.86 131.75 132.70 126.36 119.39 134.81 134.14 133.93 134.26 134.86
r_tgt: 4.10 4.10 4.10 4.10 4.10 4.10 4.10 4.10 4.10 4.10
r_act: 3.77 3.99 4.39 4.11 3.95 3.12 3.75 4.24 4.10 4.42
i_tgt: 67.00 67.00 67.00 67.00 67.00 67.00 67.00 67.00 67.00 67.00
i_act: 67.06 67.11 67.10 67.02 67.12 67.12 66.99 67.04 67.04 67.07

id: 3_1B
p_cfg: 94 0.8 0 0 0 6
r_cfg: 4.1 0 0 0 0 100
i_cfg: 67 0 0 0 0 100
p_tgt: 132.80 109.56 153.84 150.42 118.75 129.47 133.05 133.76 133.97 133.56 133.98 133.86
p_act: 132.85 109.55 153.88 150.29 118.80 129.48 133.06 133.68 134.47 133.42 134.10 133.49
r_tgt: 4.10 4.10 4.10 4.10 4.10 4.10 4.10 4.10 4.10 4.10 4.10 4.10
r_act: 3.49 3.70 3.73 3.89 3.56 3.60 4.18 4.20 3.72 4.15 4.09 3.67
i_tgt: 67.00 67.00 67.00 67.00 67.00 67.00 67.00 67.00 67.00 67.00 67.00 67.00
i_act: 67.10 67.06 67.12 67.04 67.03 67.07 67.01 67.07 67.03 67.08 67.02 67.09

id: 3_2A
p_cfg: 94 0.8 0 0 0 100
r_cfg: 4.1 0 0 0 0 100
i_cfg: 67 0 0 0 0 100
p_tgt: 150.00 131.71 132.71 126.55 119.06 134.75 112.50 101.68 106.72 110.21
p_act: 149.86 131.75 132.70 126.36 119.39 134.81 112.53 101.70 106.64 109.97
r_tgt: 4.10 4.10 4.10 4.10 4.10 4.10 4.10 4.10 4.10 4.10
r_act: 3.77 3.99 4.39 4.11 3.95 3.12 3.75 4.24 4.11 4.42
i_tgt: 67.00 67.00 67.00 67.00 67.00 67.00 67.00 67.00 67.00 67.00
i_act: 67.06 67.11 67.10 67.02 67.12 67.12 67.00 67.04 67.04 67.06

id: 3_2B
p_cfg: 94 0.8 0 0 0 100
r_cfg: 4.1 0 0 0 0 100
i_cfg: 67 0 0 0 0 100
p_tgt: 132.80 109.56 153.84 150.42 118.75 129.47 110.37 110.40 123.74 126.13 131.15 124.70
p_act: 132.85 109.55 153.88 150.29 118.80 129.48 109.56 111.33 124.00 126.73 131.07 124.28
r_tgt: 4.10 4.10 4.10 4.10 4.10 4.10 4.10 4.10 4.10 4.10 4.10 4.10
r_act: 3.49 3.70 3.73 3.89 3.56 3.60 4.17 4.20 3.72 4.15 4.09 3.64
i_tgt: 67.00 67.00 67.00 67.00 67.00 67.00 67.00 67.00 67.00 67.00 67.00 67.00
i_act: 67.10 67.06 67.12 67.04 67.03 67.07 67.02 67.08 67.05 67.09 67.02 67.09

id: 4_0A
p_cfg: 94 0 0 0 0 100
r_cfg: 4.1 0.8 0 0 0 3
i_cfg: 67 0 0 0 0 100
p_tgt: 94.00 94.00 94.00 94.00 94.00 94.00 94.00 94.00 94.00 94.00
p_act: 93.52 92.58 93.83 93.78 93.63 91.75 94.16 94.05 94.27 94.24
r_tgt: 7.70 5.67 4.78 5.92 6.05 6.19 5.89 6.27 6.27 6.20
r_act: 7.99 5.62 4.76 6.03 6.01 6.55 5.72 6.18 6.28 6.35
i_tgt: 67.00 67.00 67.00 67.00 67.00 67.00 67.00 67.00 67.00 67.00
i_act: 67.08 67.15 67.11 67.04 67.18 67.19 66.94 67.03 66.92 67.07

id: 4_0B
p_cfg: 94 0 0 0 0 100
r_cfg: 4.1 0.8 0 0 0 3
i_cfg: 67 0 0 0 0 100
p_tgt: 94.00 94.00 94.00 94.00 94.00 94.00 94.00 94.00 94.00 94.00 94.00 94.00
p_act: 94.06 94.38 94.11 93.75 94.03 93.11 94.14 93.88 94.13 93.57 94.08 93.48
r_tgt: 5.76 7.14 5.39 6.03 6.02 5.91 6.68 6.13 6.00 6.04 5.99 5.91
r_act: 5.71 6.42 5.14 5.97 6.08 4.99 6.63 6.12 5.90 6.00 6.05 5.42
i_tgt: 67.00 67.00 67.00 67.00 67.00 67.00 67.00 67.00 67.00 67.00 67.00 67.00
i_act: 66.83 67.07 67.14 67.04 66.97 67.09 67.00 67.04 66.72 66.82 67.04 67.07

id: 4_1A
p_cfg: 94 0 0 0 0 100
r_cfg: 4.1 0.8 0 0 0 6
i_cfg: 67 0 0 0 0 100
p_tgt: 94.00 94.00 94.00 94.00 94.00 94.00 94.00 94.00 94.00 94.00
p_act: 93.52 92.58 93.83 94.02 94.09 94.42 94.33 94.20 93.66 93.93
r_tgt: 7.70 5.67 4.78 4.64 6.60 5.10 5.69 5.77 6.05 5.76
r_act: 7.99 5.62 4.76 4.65 6.58 5.08 5.72 5.48 6.18 5.68
i_tgt: 67.00 67.00 67.00 67.00 67.00 67.00 67.00 67.00 67.00 67.00
i_act: 67.08 67.15 67.11 67.03 67.18 67.18 66.94 67.05 66.90 67.06

id: 4_1B
p_cfg: 94 0 0 0 0 100
r_cfg: 4.1 0.8 0 0 0 6
i_cfg: 67 0 0 0 0 100
p_tgt: 94.00 94.00 94.00 94.00 94.00 94.00 94.00 94.00 94.00 94.00 94.00 94.00
p_act: 94.06 94.38 94.11 94.56 94.44 93.11 94.83 94.90 93.56 93.73 94.26 93.48
r_tgt: 5.76 7.14 5.39 6.39 5.16 5.84 6.53 5.98 5.84 5.80 6.08 5.91
r_act: 5.71 6.42 5.14 6.37 5.16 4.99 6.54 6.02 5.90 5.49 6.06 5.42
i_tgt: 67.00 67.00 67.00 67.00 67.00 67.00 67.00 67.00 67.00 67.00 67.00 67.00
i_act: 66.83 67.07 67.14 67.04 66.99 67.09 67.01 67.06 66.72 66.89 67.05 67.07

id: 4_2A
p_cfg: 94 0 0 0 0 100
r_cfg: 4.1 0.8 0 0 0 100
i_cfg: 67 0 0 0 0 100
p_tgt: 94.00 94.00 94.00 94.00 94.00 94.00 94.00 94.00 94.00 94.00
p_act: 93.52 92.58 93.83 94.02 94.09 94.42 93.49 94.25 93.88 94.04
r_tgt: 7.70 5.67 4.78 4.64 6.60 5.10 4.49 5.92 5.62 6.50
r_act: 7.99 5.62 4.76 4.65 6.58 5.08 4.60 6.10 5.81 6.69
i_tgt: 67.00 67.00 67.00 67.00 67.00 67.00 67.00 67.00 67.00 67.00
i_act: 67.08 67.15 67.11 67.03 67.18 67.18 66.94 67.03 66.95 67.08

id: 4_2B
p_cfg: 94 0 0 0 0 100
r_cfg: 4.1 0.8 0 0 0 100
i_cfg: 67 0 0 0 0 100
p_tgt: 94.00 94.00 94.00 94.00 94.00 94.00 94.00 94.00 94.00 94.00 94.00 94.00
p_act: 94.06 94.38 94.11 94.56 94.44 93.11 94.83 94.60 94.07 92.70 94.12 94.14
r_tgt: 5.76 7.14 5.39 6.39 5.16 5.84 6.56 6.87 6.75 6.22 5.87 5.03
r_act: 5.71 6.42 5.14 6.37 5.16 4.99 6.54 7.04 6.44 6.24 5.65 5.03
i_tgt: 67.00 67.00 67.00 67.00 67.00 67.00 67.00 67.00 67.00 67.00 67.00 67.00
i_act: 66.83 67.07 67.14 67.04 66.99 67.09 67.01 67.01 66.57 66.86 67.05 67.09

id: 5_0A
p_cfg: 94 0 0 0 0 100
r_cfg: 4.1 0 0 0 0 100
i_cfg: 67 0.8 0 0 0 3
p_tgt: 94.00 94.00 94.00 94.00 94.00 94.00 94.00 94.00 94.00 94.00
p_act: 94.22 94.62 93.91 93.98 93.91 94.14 94.11 93.52 93.96 93.97
r_tgt: 4.10 4.10 4.10 4.10 4.10 4.10 4.10 4.10 4.10 4.10
r_act: 3.77 3.99 4.39 4.10 3.93 3.12 3.75 4.24 4.11 4.42
i_tgt: 64.60 65.03 63.40 63.87 64.03 63.99 63.98 64.07 64.06 64.06
i_act: 64.66 65.14 63.50 63.90 64.16 64.11 63.99 64.10 64.10 64.12

id: 5_0B
p_cfg: 94 0 0 0 0 100
r_cfg: 4.1 0 0 0 0 100
i_cfg: 67 0.8 0 0 0 3
p_tgt: 94.00 94.00 94.00 94.00 94.00 94.00 94.00 94.00 94.00 94.00 94.00 94.00
p_act: 93.99 93.80 93.42 94.12 94.30 94.05 94.57 93.55 93.20 94.01 94.12 93.79
r_tgt: 4.10 4.10 4.10 4.10 4.10 4.10 4.10 4.10 4.10 4.10 4.10 4.10
r_act: 3.49 3.70 3.73 3.90 3.56 3.60 4.17 4.20 3.72 4.20 4.09 3.67
i_tgt: 67.32 60.90 68.29 66.09 65.71 65.65 65.59 65.63 65.59 65.59 65.55 65.62
i_act: 67.43 60.96 68.41 66.14 65.75 65.73 65.62 65.71 65.66 65.72 65.57 65.71

id: 5_1A
p_cfg: 94 0 0 0 0 100
r_cfg: 4.1 0 0 0 0 100
i_cfg: 67 0.8 0 0 0 6
p_tgt: 94.00 94.00 94.00 94.00 94.00 94.00 94.00 94.00 94.00 94.00
p_act: 94.22 94.62 93.91 93.98 93.91 94.14 94.11 93.52 93.96 93.97
r_tgt: 4.10 4.10 4.10 4.10 4.10 4.10 4.10 4.10 4.10 4.10
r_act: 3.77 3.99 4.39 4.10 3.93 3.12 3.75 4.24 4.11 4.42
i_tgt: 64.60 65.03 63.40 65.71 60.32 62.20 63.08 63.34 63.37 63.37
i_act: 64.66 65.14 63.50 65.74 60.45 62.32 63.09 63.38 63.41 63.44

id: 5_1B
p_cfg: 94 0 0 0 0 100
r_cfg: 4.1 0 0 0 0 100
i_cfg: 67 0.8 0 0 0 6
p_tgt: 94.00 94.00 94.00 94.00 94.00 94.00 94.00 94.00 94.00 94.00 94.00 94.00
p_act: 93.99 93.80 93.42 94.12 94.30 94.05 94.57 93.55 93.20 94.01 94.12 93.79
r_tgt: 4.10 4.10 4.10 4.10 4.10 4.10 4.10 4.10 4.10 4.10 4.10 4.10
r_act: 3.49 3.70 3.73 3.90 3.56 3.60 4.17 4.20 3.72 4.20 4.09 3.67
i_tgt: 67.32 60.90 68.29 61.72 60.79 63.81 63.68 63.70 63.66 63.66 63.61 63.69
i_act: 67.43 60.96 68.41 61.77 60.82 63.89 63.71 63.79 63.73 63.79 63.64 63.78

id: 5_2A
p_cfg: 94 0 0 0 0 100
r_cfg: 4.1 0 0 0 0 100
i_cfg: 67 0.8 0 0 0 100
p_tgt: 94.00 94.00 94.00 94.00 94.00 94.00 94.00 94.00 94.00 94.00
p_act: 94.22 94.62 93.91 93.98 93.91 94.14 94.11 93.52 93.96 93.96
r_tgt: 4.10 4.10 4.10 4.10 4.10 4.10 4.10 4.10 4.10 4.10
r_act: 3.77 3.99 4.39 4.10 3.93 3.12 3.75 4.24 4.11 4.42
i_tgt: 64.60 65.03 63.40 65.71 60.32 62.20 64.42 65.67 63.18 57.24
i_act: 64.66 65.14 63.50 65.74 60.45 62.32 64.44 65.71 63.23 57.31

id: 5_2B
p_cfg: 94 0 0 0 0 100
r_cfg: 4.1 0 0 0 0 100
i_cfg: 67 0.8 0 0 0 100
p_tgt: 94.00 94.00 94.00 94.00 94.00 94.00 94.00 94.00 94.00 94.00 94.00 94.00
p_act: 93.99 93.80 93.42 94.12 94.30 94.05 94.57 93.55 93.20 94.01 94.12 93.79
r_tgt: 4.10 4.10 4.10 4.10 4.10 4.10 4.10 4.10 4.10 4.10 4.10 4.10
r_act: 3.49 3.70 3.73 3.90 3.56 3.60 4.17 4.20 3.72 4.20 4.09 3.67
i_tgt: 67.32 60.90 68.29 61.72 60.79 63.81 63.02 60.34 61.20 63.70 63.44 63.31
i_act: 67.43 60.96 68.41 61.77 60.82 63.89 63.04 60.43 61.27 63.83 63.47 63.40

id: 6_0A
p_cfg: 94 0 0 0 0 100
r_cfg: 4.1 0 0 0 0 100
i_cfg: 67 0 0 0 0 100
p_tgt: 94.00 94.00 94.00 94.00 94.00 94.00 94.00 94.00 94.00 94.00
p_act: 94.22 94.62 93.91 93.98 93.91 94.14 94.11 93.52 93.96 93.97
r_tgt: 4.10 4.10 4.10 4.10 4.10 4.10 4.10 4.10 4.10 4.10
r_act: 3.77 3.99 4.39 4.10 3.93 3.12 3.75 4.24 4.11 4.42
i_tgt: 67.00 67.00 67.00 67.00 67.00 67.00 67.00 67.00 67.00 67.00
i_act: 67.06 67.11 67.11 67.03 67.13 67.12 67.01 67.04 67.04 67.07

id: 6_0B
p_cfg: 94 0 0 0 0 100
r_cfg: 4.1 0 0 0 0 100
i_cfg: 67 0 0 0 0 100
p_tgt: 94.00 94.00 94.00 94.00 94.00 94.00 94.00 94.00 94.00 94.00 94.00 94.00
p_act: 93.99 93.80 93.42 94.12 94.30 94.05 94.57 93.55 93.20 94.01 94.12 93.79
r_tgt: 4.10 4.10 4.10 4.10 4.10 4.10 4.10 4.10 4.10 4.10 4.10 4.10
r_act: 3.49 3.70 3.73 3.90 3.56 3.60 4.17 4.20 3.72 4.20 4.09 3.67
i_tgt: 67.00 67.00 67.00 67.00 67.00 67.00 67.00 67.00 67.00 67.00 67.00 67.00
i_act: 67.11 67.06 67.12 67.05 67.03 67.08 67.02 67.08 67.07 67.13 67.03 67.10

id: 6_1A
p_cfg: 94 0 0 0 0.05 100
r_cfg: 4.1 0.2 0 0 0 100
i_cfg: 67 0 0.5 0.025 0 6
p_tgt: 94.00 95.65 97.90 98.65 98.60 105.25 97.90 95.75 99.60 101.65
p_act: 94.03 96.50 98.14 98.76 97.93 105.21 98.61 96.23 99.49 101.74
r_tgt: 5.00 5.14 5.04 4.93 5.34 5.19 5.02 5.26 5.35 5.68
r_act: 4.78 4.98 5.13 5.05 5.44 5.17 5.18 5.30 5.24 5.66
i_tgt: 65.50 66.02 64.73 66.34 61.78 63.48 64.31 64.32 62.12 58.67
i_act: 65.57 66.15 64.85 66.37 61.93 63.65 64.25 64.37 62.15 58.74

id: 6_1B
p_cfg: 94 0 0 0 0.05 100
r_cfg: 4.1 0.2 0 0 0 100
i_cfg: 67 0 0.5 0.025 0 6
p_tgt: 94.00 94.49 101.09 102.34 97.34 103.55 97.48 99.46 107.60 108.85 113.50 109.95
p_act: 94.01 94.77 101.08 102.49 97.33 105.14 97.09 99.50 107.61 110.06 113.13 109.92
r_tgt: 4.52 5.15 4.97 5.33 5.22 5.37 5.55 5.86 6.03 5.99 5.95 5.68
r_act: 4.25 5.16 4.56 5.43 5.26 4.99 5.35 6.02 6.02 6.00 5.92 5.42
i_tgt: 67.20 63.01 68.58 62.94 62.68 64.64 63.41 61.60 62.67 64.23 63.52 63.29
i_act: 67.24 63.08 68.71 62.99 62.67 64.72 63.42 61.67 62.38 64.11 63.56 63.33

id: 6_2A
cfg: custom
p_tgt: 134.12 128.24 148.24 139.41 108.82 110.59 108.82 105.88 138.82 114.12 106.47 135.29 109.41 84.12 116.47
p_act: 134.10 128.18 147.52 138.42 108.96 109.96 108.62 105.97 138.64 113.73 105.17 135.25 109.30 84.70 116.39
r_tgt: 5.00 6.70 7.50 7.50 7.00 6.00 5.00 4.70 4.20 4.00 6.90 5.20 4.40 7.00 4.00
r_act: 4.78 6.68 7.77 7.65 6.66 6.12 4.46 4.67 4.13 3.20 6.25 5.30 4.28 7.21 4.24
i_tgt: 64.50 64.70 66.40 56.40 59.50 63.00 61.60 64.40 59.80 56.60 62.50 60.30 59.10 56.20 58.80
i_act: 64.56 64.85 66.80 56.60 59.72 63.09 61.73 64.64 59.92 56.72 62.31 60.34 59.05 56.43 58.87

id: 6_2B
cfg: custom
p_tgt: 172.35 102.35 117.06 120.59 118.82 127.65 105.29 104.71 152.35 131.18 109.41 104.71 121.76 89.41 113.53 117.06 104.12
p_act: 171.94 102.18 117.05 120.15 119.31 127.54 105.47 104.72 152.43 131.58 109.31 104.96 123.16 89.85 113.52 117.10 104.76
r_tgt: 9.50 4.40 5.00 6.30 5.80 4.00 5.80 4.00 3.50 5.70 8.00 6.30 5.60 4.40 4.00 4.60 5.70
r_act: 9.54 4.36 4.36 6.33 5.82 4.07 4.21 2.44 3.31 5.58 8.30 6.29 5.46 3.87 3.89 4.61 5.46
i_tgt: 61.90 70.80 68.60 60.60 60.00 61.00 57.70 62.00 63.20 64.40 63.90 59.00 61.40 55.30 56.80 59.00 55.40
i_act: 60.30 70.92 68.74 60.78 60.05 61.11 57.61 62.22 63.27 64.50 64.07 59.09 61.46 55.30 56.91 59.03 55.45


